<?xml version="1.0" encoding="UTF-8"?>
<testng-results ignored="0" total="2" passed="2" failed="0" skipped="0">
  <reporter-output>
  </reporter-output>
  <suite started-at="2025-01-18T16:05:44 IST" name="Suite" finished-at="2025-01-18T16:05:52 IST" duration-ms="7433">
    <groups>
    </groups>
    <test started-at="2025-01-18T16:05:44 IST" name="Test" finished-at="2025-01-18T16:05:52 IST" duration-ms="7433">
      <class name="General.JavascriptExecuter">
        <test-method signature="init()[pri:0, instance:General.JavascriptExecuter@32ee6fee]" started-at="2025-01-18T16:05:45 IST" name="init" finished-at="2025-01-18T16:05:51 IST" duration-ms="5980" status="PASS">
          <reporter-output>
          </reporter-output>
        </test-method> <!-- init -->
      </class> <!-- General.JavascriptExecuter -->
      <class name="General.keyboadMouseEvent">
        <test-method signature="openBrowser()[pri:0, instance:General.keyboadMouseEvent@7205765b]" started-at="2025-01-18T16:05:45 IST" name="openBrowser" finished-at="2025-01-18T16:05:52 IST" duration-ms="7378" status="PASS">
          <reporter-output>
          </reporter-output>
        </test-method> <!-- openBrowser -->
      </class> <!-- General.keyboadMouseEvent -->
    </test> <!-- Test -->
  </suite> <!-- Suite -->
</testng-results>
